10:44:25.656 INFO  [crash] handler installed (SEH + set_terminate)
10:44:25.658 INFO  quake-like startup (argc=3)
10:44:25.659 INFO  VulkanEngine::init()
10:44:25.714 INFO  [audio] miniaudio engine initialized
10:44:25.881 INFO  vk instance created (validation=off)
10:44:25.892 INFO  vk physical device: NVIDIA GeForce RTX 4080
10:44:26.025 INFO  vk device created, graphics queue family=0
10:44:26.027 INFO  vk compute queue family=2 (ASYNC — separate from graphics)
10:44:26.028 INFO  RT extension function pointers loaded
10:44:26.034 INFO  pipeline cache loaded: qlike_pipeline.cache (6221862 bytes)
10:44:26.182 INFO  render_extent: 1280x720 (swapchain 1280x720 × 1.00 scale)
10:44:26.183 INFO  swapchain: 1280x720, 3 images, format=44
10:44:26.183 INFO  depth image created
10:44:26.185 INFO  readback buffer allocated (3686400 bytes)
10:44:26.185 INFO  preload: terrain_raymarch_enabled = 1
10:44:26.190 INFO  cube mesh created: 24 verts, 36 indices
10:44:26.190 INFO  cylinder mesh created: 66 verts, 192 indices (16 segments)
10:44:26.191 INFO  world: 134 brushes
10:44:26.244 INFO  [terrain] heightmap_raymarch 2048x2048 cells, 2048m side, plateau h=22.0
10:44:26.380 INFO  [terrain] mesh: 4206597 verts, 25165824 indices
10:44:26.848 INFO  [terrain] chunks: 32x32 (= 1024) at 64 cells/chunk; verts/chunk=4485 lod0_tris=8704 lod1=2304 lod2=640 lod3=192
10:44:26.912 INFO  [grass] placed 800000 blades (806600 attempts, 800000 max)
10:44:26.916 INFO  [jolt] global init complete
10:44:26.916 INFO  PhysicsWorld initialized (Jolt)
10:44:27.113 INFO  [jolt] heightfield: 2048x2048 samples, block=8, cell=1.0m
10:44:27.114 INFO  Jolt: 135 static bodies; dynamic boxes will spawn over time (max 60, every 0.40s)
10:44:27.584 INFO  [skybox] EXR loaded assets/sky/MorningSkyHDRI002B_4K_HDR.exr: 4096x2048 (RGBA32F)
10:44:27.585 INFO  [skybox] HDR sun extracted at uv=(0.504, 0.432) lum=31774.44 → dir=(0.02, 0.21, 0.98)
10:44:27.617 INFO  [skybox] sun synced to UI: pitch=12.3В° yaw=1.5В°
10:44:27.681 INFO  [texture] uploaded assets/tex/Ground054/Ground054_2K-JPG_Color.jpg: 2048x2048
10:44:27.762 INFO  [texture] uploaded assets/tex/Ground054/Ground054_2K-JPG_NormalGL.jpg: 2048x2048
10:44:27.823 INFO  [texture] uploaded assets/tex/Bricks076A/Bricks076A_2K-JPG_Color.jpg: 2048x2048
10:44:27.899 INFO  [texture] uploaded assets/tex/Bricks076A/Bricks076A_2K-JPG_NormalGL.jpg: 2048x2048
10:44:27.953 INFO  [texture] uploaded assets/tex/Wood048/Wood048_2K-JPG_Color.jpg: 2048x2048
10:44:28.026 INFO  [texture] uploaded assets/tex/Wood048/Wood048_2K-JPG_NormalGL.jpg: 2048x2048
10:44:28.063 INFO  [texture] uploaded assets/tex/Metal042A/Metal042A_2K-JPG_Color.jpg: 2048x2048
10:44:28.090 INFO  [texture] uploaded assets/tex/Metal042A/Metal042A_2K-JPG_NormalGL.jpg: 2048x2048
10:44:28.112 INFO  [texture] uploaded assets/tex/PaintedPlaster017/PaintedPlaster017_2K-JPG_Color.jpg: 2048x1024
10:44:28.151 INFO  [texture] uploaded assets/tex/PaintedPlaster017/PaintedPlaster017_2K-JPG_NormalGL.jpg: 2048x1024
10:44:28.170 INFO  [texture] uploaded assets/tex/Bricks076A/Bricks076A_2K-JPG_Displacement.jpg: 2048x2048
10:44:28.171 INFO  settings loaded from qlike_settings.cfg (129 keys)  textures=1  shadows=1/10  gi=8
10:44:28.171 INFO  descriptors created
10:44:28.175 INFO  BLAS (cube) built: 12 tris
10:44:28.176 INFO  BLAS (cylinder) built: 64 tris
10:44:28.211 INFO  BLAS (terrain) built: 8388608 tris
10:44:28.212 INFO  BLAS (merged-static) compacted: 117632 -> 55552 bytes (47%)
10:44:28.212 INFO  BLAS (merged-static): 134 brushes, 1608 tris
10:44:28.212 INFO  RT initialized: max 768 instances, TLAS buffer 268032 B
10:44:28.213 INFO  loaded shader: C:/Users/gillis/dev/quake-like/build/shaders/cube.vert.spv (2264 bytes)
10:44:28.213 INFO  loaded shader: C:/Users/gillis/dev/quake-like/build/shaders/cube.frag.spv (51000 bytes)
10:44:28.496 INFO  loaded shader: C:/Users/gillis/dev/quake-like/build/shaders/cube_depth.frag.spv (152 bytes)
10:44:28.496 INFO  graphics + depth-prepass pipelines built
10:44:28.497 INFO  loaded shader: C:/Users/gillis/dev/quake-like/build/shaders/terrain.vert.spv (2464 bytes)
10:44:28.497 INFO  terrain pipelines built (CD-LOD morph)
10:44:28.497 INFO  loaded shader: C:/Users/gillis/dev/quake-like/build/shaders/terrain_raymarch.vert.spv (900 bytes)
10:44:28.498 INFO  loaded shader: C:/Users/gillis/dev/quake-like/build/shaders/terrain_raymarch.frag.spv (130572 bytes)
10:44:28.498 INFO  terrain raymarch pipeline built
10:44:28.498 INFO  loaded shader: C:/Users/gillis/dev/quake-like/build/shaders/terrain_raymarch_compose.frag.spv (4824 bytes)
10:44:28.498 INFO  terrain raymarch compose pipeline built
10:44:28.499 INFO  terrain raymarch low-res targets: 1280x720 (100%)
10:44:28.499 INFO  loaded shader: C:/Users/gillis/dev/quake-like/build/shaders/shadow.vert.spv (1032 bytes)
10:44:28.499 INFO  sun shadow pipeline built
10:44:28.499 INFO  loaded shader: C:/Users/gillis/dev/quake-like/build/shaders/grass.vert.spv (10748 bytes)
10:44:28.500 INFO  loaded shader: C:/Users/gillis/dev/quake-like/build/shaders/grass.frag.spv (4100 bytes)
10:44:28.500 INFO  grass pipeline built
10:44:28.506 INFO  heightmap texture uploaded (2049x2049, 16.0 MB)
10:44:29.293 INFO  [terrain] heightmap shadow baked: 2049x2049 (16 threads)
10:44:29.297 INFO  loaded shader: C:/Users/gillis/dev/quake-like/build/shaders/taa.vert.spv (852 bytes)
10:44:29.297 INFO  loaded shader: C:/Users/gillis/dev/quake-like/build/shaders/taa.frag.spv (5740 bytes)
10:44:29.304 INFO  TAA initialized
10:44:29.304 INFO  loaded shader: C:/Users/gillis/dev/quake-like/build/shaders/bloom_down.frag.spv (8928 bytes)
10:44:29.304 INFO  loaded shader: C:/Users/gillis/dev/quake-like/build/shaders/bloom_up.frag.spv (2604 bytes)
10:44:29.305 INFO  Bloom mip chain initialized
10:44:29.305 INFO  loaded shader: C:/Users/gillis/dev/quake-like/build/shaders/compose.frag.spv (13820 bytes)
10:44:29.305 INFO  Compose pass initialized (ACES Fitted tonemap + sRGB encode)
10:44:29.305 INFO  [gltf] no asset at assets/gun.glb — using procedural viewmodel
10:44:29.306 INFO  viewmodel: using procedural placeholder (drop assets/gun.glb to override)
10:44:29.308 INFO  [gltf] loaded assets/spacejet/scene.gltf: 6 primitives, 27453 verts, 134592 indices, extent=(15.00,2.50,15.00)
10:44:29.309 INFO  spacejet: loaded 6 primitives, base_scale=0.400 — flyover system armed
10:44:29.309 INFO  ImGui initialized (Vulkan, dynamic rendering)
10:44:29.309 INFO  VulkanEngine::init() done
10:44:29.309 INFO  run(): max_frames=-1 screenshot='' after=5
10:44:29.310 INFO  [autodemo] running for 12.00s (forward+turn+fire)
10:44:29.310 INFO  fps cap: 180 Hz (monitor refresh)
10:44:30.320 INFO  player pos=(-9.658, 23.380, 16.265) vel=(0.686, -6.442, -1.099) speed_h=1.295 grounded=0 feet_y=22.480 fps=137.8 ticks=2
10:44:30.321 INFO  state  proj=0 particles=223 dyn_props=0 tlas_n=2 frame=129 vk_warn=0 vk_err=0
10:44:31.315 INFO  [spacejet] wave of 3 launched (heading=308.3 deg, alt=181, spd=85, turn=0.00 rad/s)
10:44:31.322 INFO  player pos=(-8.268, 23.746, 14.992) vel=(1.774, -4.268, -1.218) speed_h=2.152 grounded=0 feet_y=22.846 fps=145.8 ticks=1
10:44:31.322 INFO  state  proj=1 particles=222 dyn_props=0 tlas_n=3 frame=261 vk_warn=0 vk_err=0
10:44:32.322 INFO  player pos=(-6.018, 22.900, 20.752) vel=(-2.168, 0.000, 7.880) speed_h=8.173 grounded=1 feet_y=22.000 fps=140.5 ticks=1
10:44:32.322 INFO  state  proj=0 particles=221 dyn_props=0 tlas_n=2 frame=406 vk_warn=0 vk_err=0
10:44:33.332 INFO  player pos=(-11.776, 22.900, 26.081) vel=(-7.585, 0.000, 2.636) speed_h=8.030 grounded=1 feet_y=22.000 fps=127.3 ticks=1
10:44:33.332 INFO  state  proj=1 particles=206 dyn_props=0 tlas_n=3 frame=536 vk_warn=0 vk_err=0
10:44:34.338 INFO  player pos=(-19.668, 22.900, 27.753) vel=(-7.797, 0.000, 1.838) speed_h=8.011 grounded=1 feet_y=22.000 fps=127.2 ticks=1
10:44:34.339 INFO  state  proj=1 particles=219 dyn_props=0 tlas_n=3 frame=657 vk_warn=0 vk_err=0
10:44:35.348 INFO  player pos=(-26.417, 22.363, 31.897) vel=(-4.408, 0.000, 6.808) speed_h=8.111 grounded=1 feet_y=21.463 fps=125.8 ticks=1
10:44:35.349 INFO  state  proj=1 particles=213 dyn_props=0 tlas_n=3 frame=784 vk_warn=0 vk_err=0
10:44:36.349 INFO  player pos=(-26.131, 19.456, 39.492) vel=(5.188, 0.000, 6.297) speed_h=8.159 grounded=1 feet_y=18.556 fps=133.3 ticks=1
10:44:36.349 INFO  state  proj=1 particles=225 dyn_props=0 tlas_n=2 frame=911 vk_warn=0 vk_err=0
10:44:37.360 INFO  player pos=(-18.681, 18.278, 41.721) vel=(7.946, 6.870, -1.468) speed_h=8.080 grounded=0 feet_y=17.378 fps=129.8 ticks=1
10:44:37.360 INFO  state  proj=0 particles=227 dyn_props=0 tlas_n=2 frame=1032 vk_warn=0 vk_err=0
10:44:38.360 INFO  player pos=(-10.605, 18.986, 40.030) vel=(8.134, 6.055, -2.197) speed_h=8.425 grounded=0 feet_y=18.086 fps=144.1 ticks=1
10:44:38.360 INFO  state  proj=0 particles=229 dyn_props=0 tlas_n=2 frame=1169 vk_warn=0 vk_err=0
10:44:40.284 INFO  VulkanEngine::shutdown() (device_lost=1)
10:44:40.284 INFO  settings saved to qlike_settings.cfg
10:44:40.292 INFO  [jolt] global shutdown complete
10:44:40.307 INFO  pipeline cache saved: qlike_pipeline.cache (6299216 bytes)
10:44:40.397 INFO  quake-like shutdown
