10:44:57.617 INFO  [crash] handler installed (SEH + set_terminate)
10:44:57.618 INFO  quake-like startup (argc=3)
10:44:57.620 INFO  VulkanEngine::init()
10:44:57.675 INFO  [audio] miniaudio engine initialized
10:44:57.839 INFO  vk instance created (validation=off)
10:44:57.850 INFO  vk physical device: NVIDIA GeForce RTX 4080
10:44:57.981 INFO  vk device created, graphics queue family=0
10:44:57.984 INFO  vk compute queue family=2 (ASYNC — separate from graphics)
10:44:57.985 INFO  RT extension function pointers loaded
10:44:57.991 INFO  pipeline cache loaded: qlike_pipeline.cache (6299216 bytes)
10:44:58.142 INFO  render_extent: 1280x720 (swapchain 1280x720 × 1.00 scale)
10:44:58.142 INFO  swapchain: 1280x720, 3 images, format=44
10:44:58.142 INFO  depth image created
10:44:58.144 INFO  readback buffer allocated (3686400 bytes)
10:44:58.144 INFO  preload: terrain_raymarch_enabled = 1
10:44:58.149 INFO  cube mesh created: 24 verts, 36 indices
10:44:58.149 INFO  cylinder mesh created: 66 verts, 192 indices (16 segments)
10:44:58.149 INFO  world: 134 brushes
10:44:58.202 INFO  [terrain] heightmap_raymarch 2048x2048 cells, 2048m side, plateau h=22.0
10:44:58.338 INFO  [terrain] mesh: 4206597 verts, 25165824 indices
10:44:58.809 INFO  [terrain] chunks: 32x32 (= 1024) at 64 cells/chunk; verts/chunk=4485 lod0_tris=8704 lod1=2304 lod2=640 lod3=192
10:44:58.875 INFO  [grass] placed 800000 blades (806600 attempts, 800000 max)
10:44:58.879 INFO  [jolt] global init complete
10:44:58.879 INFO  PhysicsWorld initialized (Jolt)
10:44:59.077 INFO  [jolt] heightfield: 2048x2048 samples, block=8, cell=1.0m
10:44:59.078 INFO  Jolt: 135 static bodies; dynamic boxes will spawn over time (max 60, every 0.40s)
10:44:59.543 INFO  [skybox] EXR loaded assets/sky/MorningSkyHDRI002B_4K_HDR.exr: 4096x2048 (RGBA32F)
10:44:59.544 INFO  [skybox] HDR sun extracted at uv=(0.504, 0.432) lum=31774.44 → dir=(0.02, 0.21, 0.98)
10:44:59.575 INFO  [skybox] sun synced to UI: pitch=12.3В° yaw=1.5В°
10:44:59.640 INFO  [texture] uploaded assets/tex/Ground054/Ground054_2K-JPG_Color.jpg: 2048x2048
10:44:59.723 INFO  [texture] uploaded assets/tex/Ground054/Ground054_2K-JPG_NormalGL.jpg: 2048x2048
10:44:59.788 INFO  [texture] uploaded assets/tex/Bricks076A/Bricks076A_2K-JPG_Color.jpg: 2048x2048
10:44:59.865 INFO  [texture] uploaded assets/tex/Bricks076A/Bricks076A_2K-JPG_NormalGL.jpg: 2048x2048
10:44:59.919 INFO  [texture] uploaded assets/tex/Wood048/Wood048_2K-JPG_Color.jpg: 2048x2048
10:44:59.990 INFO  [texture] uploaded assets/tex/Wood048/Wood048_2K-JPG_NormalGL.jpg: 2048x2048
10:45:00.028 INFO  [texture] uploaded assets/tex/Metal042A/Metal042A_2K-JPG_Color.jpg: 2048x2048
10:45:00.055 INFO  [texture] uploaded assets/tex/Metal042A/Metal042A_2K-JPG_NormalGL.jpg: 2048x2048
10:45:00.076 INFO  [texture] uploaded assets/tex/PaintedPlaster017/PaintedPlaster017_2K-JPG_Color.jpg: 2048x1024
10:45:00.115 INFO  [texture] uploaded assets/tex/PaintedPlaster017/PaintedPlaster017_2K-JPG_NormalGL.jpg: 2048x1024
10:45:00.134 INFO  [texture] uploaded assets/tex/Bricks076A/Bricks076A_2K-JPG_Displacement.jpg: 2048x2048
10:45:00.135 INFO  settings loaded from qlike_settings.cfg (129 keys)  textures=1  shadows=1/10  gi=8
10:45:00.135 INFO  descriptors created
10:45:00.139 INFO  BLAS (cube) built: 12 tris
10:45:00.139 INFO  BLAS (cylinder) built: 64 tris
10:45:00.175 INFO  BLAS (terrain) built: 8388608 tris
10:45:00.176 INFO  BLAS (merged-static) compacted: 117632 -> 55552 bytes (47%)
10:45:00.176 INFO  BLAS (merged-static): 134 brushes, 1608 tris
10:45:00.176 INFO  RT initialized: max 768 instances, TLAS buffer 268032 B
10:45:00.177 INFO  loaded shader: C:/Users/gillis/dev/quake-like/build/shaders/cube.vert.spv (2264 bytes)
10:45:00.177 INFO  loaded shader: C:/Users/gillis/dev/quake-like/build/shaders/cube.frag.spv (51000 bytes)
10:45:00.178 INFO  loaded shader: C:/Users/gillis/dev/quake-like/build/shaders/cube_depth.frag.spv (152 bytes)
10:45:00.178 INFO  graphics + depth-prepass pipelines built
10:45:00.178 INFO  loaded shader: C:/Users/gillis/dev/quake-like/build/shaders/terrain.vert.spv (2464 bytes)
10:45:00.179 INFO  terrain pipelines built (CD-LOD morph)
10:45:00.179 INFO  loaded shader: C:/Users/gillis/dev/quake-like/build/shaders/terrain_raymarch.vert.spv (900 bytes)
10:45:00.179 INFO  loaded shader: C:/Users/gillis/dev/quake-like/build/shaders/terrain_raymarch.frag.spv (130572 bytes)
10:45:00.180 INFO  terrain raymarch pipeline built
10:45:00.180 INFO  loaded shader: C:/Users/gillis/dev/quake-like/build/shaders/terrain_raymarch_compose.frag.spv (4824 bytes)
10:45:00.180 INFO  terrain raymarch compose pipeline built
10:45:00.191 INFO  terrain raymarch low-res targets: 1280x720 (100%)
10:45:00.191 INFO  loaded shader: C:/Users/gillis/dev/quake-like/build/shaders/shadow.vert.spv (1032 bytes)
10:45:00.191 INFO  sun shadow pipeline built
10:45:00.191 INFO  loaded shader: C:/Users/gillis/dev/quake-like/build/shaders/grass.vert.spv (10748 bytes)
10:45:00.191 INFO  loaded shader: C:/Users/gillis/dev/quake-like/build/shaders/grass.frag.spv (4100 bytes)
10:45:00.192 INFO  grass pipeline built
10:45:00.198 INFO  heightmap texture uploaded (2049x2049, 16.0 MB)
10:45:01.007 INFO  [terrain] heightmap shadow baked: 2049x2049 (16 threads)
10:45:01.011 INFO  loaded shader: C:/Users/gillis/dev/quake-like/build/shaders/taa.vert.spv (852 bytes)
10:45:01.011 INFO  loaded shader: C:/Users/gillis/dev/quake-like/build/shaders/taa.frag.spv (5740 bytes)
10:45:01.018 INFO  TAA initialized
10:45:01.019 INFO  loaded shader: C:/Users/gillis/dev/quake-like/build/shaders/bloom_down.frag.spv (8928 bytes)
10:45:01.019 INFO  loaded shader: C:/Users/gillis/dev/quake-like/build/shaders/bloom_up.frag.spv (2604 bytes)
10:45:01.019 INFO  Bloom mip chain initialized
10:45:01.019 INFO  loaded shader: C:/Users/gillis/dev/quake-like/build/shaders/compose.frag.spv (13820 bytes)
10:45:01.020 INFO  Compose pass initialized (ACES Fitted tonemap + sRGB encode)
10:45:01.020 INFO  [gltf] no asset at assets/gun.glb — using procedural viewmodel
10:45:01.020 INFO  viewmodel: using procedural placeholder (drop assets/gun.glb to override)
10:45:01.022 INFO  [gltf] loaded assets/spacejet/scene.gltf: 6 primitives, 27453 verts, 134592 indices, extent=(15.00,2.50,15.00)
10:45:01.023 INFO  spacejet: loaded 6 primitives, base_scale=0.400 — flyover system armed
10:45:01.023 INFO  ImGui initialized (Vulkan, dynamic rendering)
10:45:01.024 INFO  VulkanEngine::init() done
10:45:01.024 INFO  run(): max_frames=-1 screenshot='' after=5
10:45:01.024 INFO  [autodemo] running for 15.00s (forward+turn+fire)
10:45:01.024 INFO  fps cap: 180 Hz (monitor refresh)
10:45:03.902 INFO  VulkanEngine::shutdown() (device_lost=1)
10:45:03.903 INFO  settings saved to qlike_settings.cfg
10:45:03.910 INFO  [jolt] global shutdown complete
10:45:03.925 INFO  pipeline cache saved: qlike_pipeline.cache (6299216 bytes)
10:45:04.019 INFO  quake-like shutdown
