09:34:25.726 INFO  [crash] handler installed (SEH + set_terminate)
09:34:25.727 INFO  quake-like startup (argc=3)
09:34:25.728 INFO  VulkanEngine::init()
09:34:25.777 INFO  [audio] miniaudio engine initialized
09:34:25.944 INFO  vk instance created (validation=off)
09:34:25.953 INFO  vk physical device: NVIDIA GeForce RTX 4080
09:34:26.092 INFO  vk device created, graphics queue family=0
09:34:26.094 INFO  vk compute queue family=2 (ASYNC — separate from graphics)
09:34:26.095 INFO  RT extension function pointers loaded
09:34:26.100 INFO  pipeline cache loaded: qlike_pipeline.cache (5348281 bytes)
09:34:26.255 INFO  render_extent: 1280x720 (swapchain 1280x720 × 1.00 scale)
09:34:26.256 INFO  swapchain: 1280x720, 3 images, format=44
09:34:26.256 INFO  depth image created
09:34:26.258 INFO  readback buffer allocated (3686400 bytes)
09:34:26.258 INFO  preload: terrain_raymarch_enabled = 1
09:34:26.264 INFO  cube mesh created: 24 verts, 36 indices
09:34:26.264 INFO  cylinder mesh created: 66 verts, 192 indices (16 segments)
09:34:26.264 INFO  world: 134 brushes
09:34:26.320 INFO  [terrain] heightmap_raymarch 2048x2048 cells, 2048m side, plateau h=22.0
09:34:26.543 INFO  [terrain] mesh: 4206597 verts, 25165824 indices
09:34:27.024 INFO  [terrain] chunks: 32x32 (= 1024) at 64 cells/chunk; verts/chunk=4485 lod0_tris=8704 lod1=2304 lod2=640 lod3=192
09:34:27.090 INFO  [grass] placed 800000 blades (806600 attempts, 800000 max)
09:34:27.093 INFO  [jolt] global init complete
09:34:27.094 INFO  PhysicsWorld initialized (Jolt)
09:34:27.292 INFO  [jolt] heightfield: 2048x2048 samples, block=8, cell=1.0m
09:34:27.293 INFO  Jolt: 135 static bodies; dynamic boxes will spawn over time (max 60, every 0.40s)
09:34:27.786 INFO  [skybox] EXR loaded assets/sky/MorningSkyHDRI002B_4K_HDR.exr: 4096x2048 (RGBA32F)
09:34:27.787 INFO  [skybox] HDR sun extracted at uv=(0.504, 0.432) lum=31774.44 → dir=(0.02, 0.21, 0.98)
09:34:27.838 INFO  [skybox] sun synced to UI: pitch=12.3В° yaw=1.5В°
09:34:27.911 INFO  [texture] uploaded assets/tex/Ground054/Ground054_2K-JPG_Color.jpg: 2048x2048
09:34:27.999 INFO  [texture] uploaded assets/tex/Ground054/Ground054_2K-JPG_NormalGL.jpg: 2048x2048
09:34:28.048 INFO  [texture] uploaded assets/tex/Bricks067/Bricks067_2K-JPG_Color.jpg: 2048x2048
09:34:28.123 INFO  [texture] uploaded assets/tex/Bricks067/Bricks067_2K-JPG_NormalGL.jpg: 2048x2048
09:34:28.177 INFO  [texture] uploaded assets/tex/Wood048/Wood048_2K-JPG_Color.jpg: 2048x2048
09:34:28.250 INFO  [texture] uploaded assets/tex/Wood048/Wood048_2K-JPG_NormalGL.jpg: 2048x2048
09:34:28.287 INFO  [texture] uploaded assets/tex/Metal042A/Metal042A_2K-JPG_Color.jpg: 2048x2048
09:34:28.315 INFO  [texture] uploaded assets/tex/Metal042A/Metal042A_2K-JPG_NormalGL.jpg: 2048x2048
09:34:28.336 INFO  [texture] uploaded assets/tex/PaintedPlaster017/PaintedPlaster017_2K-JPG_Color.jpg: 2048x1024
09:34:28.376 INFO  [texture] uploaded assets/tex/PaintedPlaster017/PaintedPlaster017_2K-JPG_NormalGL.jpg: 2048x1024
09:34:28.377 INFO  settings loaded from qlike_settings.cfg (129 keys)  textures=0  shadows=1/10  gi=8
09:34:28.377 INFO  descriptors created
09:34:28.382 INFO  BLAS (cube) built: 12 tris
09:34:28.382 INFO  BLAS (cylinder) built: 64 tris
09:34:28.419 INFO  BLAS (terrain) built: 8388608 tris
09:34:28.419 INFO  BLAS (merged-static) compacted: 117632 -> 55552 bytes (47%)
09:34:28.419 INFO  BLAS (merged-static): 134 brushes, 1608 tris
09:34:28.420 INFO  RT initialized: max 768 instances, TLAS buffer 268032 B
09:34:28.420 INFO  loaded shader: C:/Users/gillis/dev/quake-like/build/shaders/cube.vert.spv (2264 bytes)
09:34:28.420 INFO  loaded shader: C:/Users/gillis/dev/quake-like/build/shaders/cube.frag.spv (42692 bytes)
09:34:28.667 INFO  loaded shader: C:/Users/gillis/dev/quake-like/build/shaders/cube_depth.frag.spv (152 bytes)
09:34:28.667 INFO  graphics + depth-prepass pipelines built
09:34:28.667 INFO  loaded shader: C:/Users/gillis/dev/quake-like/build/shaders/terrain.vert.spv (2464 bytes)
09:34:28.667 INFO  terrain pipelines built (CD-LOD morph)
09:34:28.668 INFO  loaded shader: C:/Users/gillis/dev/quake-like/build/shaders/terrain_raymarch.vert.spv (900 bytes)
09:34:28.668 INFO  loaded shader: C:/Users/gillis/dev/quake-like/build/shaders/terrain_raymarch.frag.spv (130428 bytes)
09:34:28.668 INFO  terrain raymarch pipeline built
09:34:28.669 INFO  loaded shader: C:/Users/gillis/dev/quake-like/build/shaders/terrain_raymarch_compose.frag.spv (4824 bytes)
09:34:28.669 INFO  terrain raymarch compose pipeline built
09:34:28.669 INFO  terrain raymarch low-res targets: 1280x720 (100%)
09:34:28.669 INFO  loaded shader: C:/Users/gillis/dev/quake-like/build/shaders/shadow.vert.spv (1032 bytes)
09:34:28.670 INFO  sun shadow pipeline built
09:34:28.670 INFO  loaded shader: C:/Users/gillis/dev/quake-like/build/shaders/grass.vert.spv (10700 bytes)
09:34:28.670 INFO  loaded shader: C:/Users/gillis/dev/quake-like/build/shaders/grass.frag.spv (4072 bytes)
09:34:28.670 INFO  grass pipeline built
09:34:28.676 INFO  heightmap texture uploaded (2049x2049, 16.0 MB)
09:34:29.480 INFO  [terrain] heightmap shadow baked: 2049x2049 (16 threads)
09:34:29.484 INFO  loaded shader: C:/Users/gillis/dev/quake-like/build/shaders/taa.vert.spv (852 bytes)
09:34:29.484 INFO  loaded shader: C:/Users/gillis/dev/quake-like/build/shaders/taa.frag.spv (5716 bytes)
09:34:29.484 INFO  TAA initialized
09:34:29.485 INFO  loaded shader: C:/Users/gillis/dev/quake-like/build/shaders/bloom_down.frag.spv (8928 bytes)
09:34:29.485 INFO  loaded shader: C:/Users/gillis/dev/quake-like/build/shaders/bloom_up.frag.spv (2604 bytes)
09:34:29.485 INFO  Bloom mip chain initialized
09:34:29.485 INFO  loaded shader: C:/Users/gillis/dev/quake-like/build/shaders/compose.frag.spv (13672 bytes)
09:34:29.486 INFO  Compose pass initialized (ACES Fitted tonemap + sRGB encode)
09:34:29.486 INFO  [gltf] no asset at assets/gun.glb — using procedural viewmodel
09:34:29.486 INFO  viewmodel: using procedural placeholder (drop assets/gun.glb to override)
09:34:29.488 INFO  [gltf] loaded assets/spacejet/scene.gltf: 6 primitives, 27453 verts, 134592 indices, extent=(15.00,2.50,15.00)
09:34:29.489 INFO  spacejet: loaded 6 primitives, base_scale=0.400 — flyover system armed
09:34:29.489 INFO  ImGui initialized (Vulkan, dynamic rendering)
09:34:29.490 INFO  VulkanEngine::init() done
09:34:29.490 INFO  run(): max_frames=-1 screenshot='' after=5
09:34:29.490 INFO  [autodemo] running for 20.00s (forward+turn+fire)
09:34:29.490 INFO  fps cap: 180 Hz (monitor refresh)
09:34:31.964 INFO  VulkanEngine::shutdown() (device_lost=1)
09:34:31.965 INFO  settings saved to qlike_settings.cfg
09:34:31.972 INFO  [jolt] global shutdown complete
09:34:31.987 INFO  pipeline cache saved: qlike_pipeline.cache (5416830 bytes)
09:34:32.072 INFO  quake-like shutdown
